<?xml version="1.0" encoding="utf-8"?><testsuites name="pytest tests"><testsuite name="pytest" errors="0" failures="0" skipped="0" tests="11" time="2.968" timestamp="2026-02-28T05:14:02.874882+00:00" hostname="agent-env-15392a9a-5612-4cb8-9cde-6c648328ea04"><testcase classname="backend.tests.test_projects_api.TestHealthCheck" name="test_api_root_reachable" time="0.156" /><testcase classname="backend.tests.test_projects_api.TestProjectsCRUD" name="test_get_projects_list" time="0.138" /><testcase classname="backend.tests.test_projects_api.TestProjectsCRUD" name="test_create_project_success" time="0.343" /><testcase classname="backend.tests.test_projects_api.TestProjectsCRUD" name="test_create_project_missing_required_fields" time="0.109" /><testcase classname="backend.tests.test_projects_api.TestProjectsCRUD" name="test_get_single_project" time="0.359" /><testcase classname="backend.tests.test_projects_api.TestProjectsCRUD" name="test_get_nonexistent_project" time="0.109" /><testcase classname="backend.tests.test_projects_api.TestProjectsCRUD" name="test_update_project_workflow_stages" time="0.487" /><testcase classname="backend.tests.test_projects_api.TestProjectsCRUD" name="test_update_single_stage" time="0.345" /><testcase classname="backend.tests.test_projects_api.TestProjectsCRUD" name="test_delete_project" time="0.400" /><testcase classname="backend.tests.test_projects_api.TestTeamMembersAPI" name="test_get_team_members" time="0.109" /><testcase classname="backend.tests.test_projects_api.TestWorkflowStagesDefaults" name="test_project_created_with_default_stages" time="0.244" /></testsuite></testsuites>